# JRE version: Java(TM) SE Runtime Environment (8.0_65-b17) (build 1.8.0_65-b17)
# Java VM: Java HotSpot(TM) 64-Bit Server VM (25.65-b01 mixed mode windows-amd64 compressed oops)
Heap:
 PSYoungGen      total 199680K, used 104581K [0x00000000eab00000, 0x00000000fd600000, 0x0000000100000000)
  eden space 172032K, 44% used [0x00000000eab00000,0x00000000ef622840,0x00000000f5300000)
  from space 27648K, 99% used [0x00000000fbb00000,0x00000000fd5fef80,0x00000000fd600000)
  to   space 33280K, 0% used [0x00000000f9500000,0x00000000f9500000,0x00000000fb580000)
 ParOldGen       total 83968K, used 42420K [0x00000000c0000000, 0x00000000c5200000, 0x00000000eab00000)
  object space 83968K, 50% used [0x00000000c0000000,0x00000000c296d000,0x00000000c5200000)
 Metaspace       used 6877K, capacity 7544K, committed 7680K, reserved 1056768K
  class space    used 644K, capacity 688K, committed 768K, reserved 1048576K
GC Heap History (10 events):
Event: 3.403 GC heap before
{Heap before GC invocations=5 (full 0):
 PSYoungGen      total 66048K, used 66034K [0x00000000eab00000, 0x00000000eee00000, 0x0000000100000000)
  eden space 63488K, 100% used [0x00000000eab00000,0x00000000ee900000,0x00000000ee900000)
  from space 2560K, 99% used [0x00000000eeb80000,0x00000000eedfc8e8,0x00000000eee00000)
  to   space 2560K, 0% used [0x00000000ee900000,0x00000000ee900000,0x00000000eeb80000)
 ParOldGen       total 42496K, used 11944K [0x00000000c0000000, 0x00000000c2980000, 0x00000000eab00000)
  object space 42496K, 28% used [0x00000000c0000000,0x00000000c0baa378,0x00000000c2980000)
 Metaspace       used 6296K, capacity 7152K, committed 7296K, reserved 1056768K
  class space    used 604K, capacity 616K, committed 640K, reserved 1048576K
Event: 3.461 GC heap after
Heap after GC invocations=5 (full 0):
 PSYoungGen      total 66048K, used 2530K [0x00000000eab00000, 0x00000000f4500000, 0x0000000100000000)
  eden space 63488K, 0% used [0x00000000eab00000,0x00000000eab00000,0x00000000ee900000)
  from space 2560K, 98% used [0x00000000ee900000,0x00000000eeb788d8,0x00000000eeb80000)
  to   space 15360K, 0% used [0x00000000f3600000,0x00000000f3600000,0x00000000f4500000)
 ParOldGen       total 42496K, used 22761K [0x00000000c0000000, 0x00000000c2980000, 0x00000000eab00000)
  object space 42496K, 53% used [0x00000000c0000000,0x00000000c163a538,0x00000000c2980000)
 Metaspace       used 6296K, capacity 7152K, committed 7296K, reserved 1056768K
  class space    used 604K, capacity 616K, committed 640K, reserved 1048576K
}
Event: 4.321 GC heap before
{Heap before GC invocations=6 (full 0):
 PSYoungGen      total 66048K, used 66018K [0x00000000eab00000, 0x00000000f4500000, 0x0000000100000000)
  eden space 63488K, 100% used [0x00000000eab00000,0x00000000ee900000,0x00000000ee900000)
  from space 2560K, 98% used [0x00000000ee900000,0x00000000eeb788d8,0x00000000eeb80000)
  to   space 15360K, 0% used [0x00000000f3600000,0x00000000f3600000,0x00000000f4500000)
 ParOldGen       total 42496K, used 22761K [0x00000000c0000000, 0x00000000c2980000, 0x00000000eab00000)
  object space 42496K, 53% used [0x00000000c0000000,0x00000000c163a538,0x00000000c2980000)
 Metaspace       used 6375K, capacity 7152K, committed 7296K, reserved 1056768K
  class space    used 604K, capacity 616K, committed 640K, reserved 1048576K
Event: 4.534 GC heap after
Heap after GC invocations=6 (full 0):
 PSYoungGen      total 140800K, used 12338K [0x00000000eab00000, 0x00000000f4800000, 0x0000000100000000)
  eden space 125440K, 0% used [0x00000000eab00000,0x00000000eab00000,0x00000000f2580000)
  from space 15360K, 80% used [0x00000000f3600000,0x00000000f420c8e8,0x00000000f4500000)
  to   space 16896K, 0% used [0x00000000f2580000,0x00000000f2580000,0x00000000f3600000)
 ParOldGen       total 42496K, used 22769K [0x00000000c0000000, 0x00000000c2980000, 0x00000000eab00000)
  object space 42496K, 53% used [0x00000000c0000000,0x00000000c163c538,0x00000000c2980000)
 Metaspace       used 6375K, capacity 7152K, committed 7296K, reserved 1056768K
  class space    used 604K, capacity 616K, committed 640K, reserved 1048576K
}
Event: 7.650 GC heap before
{Heap before GC invocations=7 (full 0):
 PSYoungGen      total 140800K, used 137778K [0x00000000eab00000, 0x00000000f4800000, 0x0000000100000000)
  eden space 125440K, 100% used [0x00000000eab00000,0x00000000f2580000,0x00000000f2580000)
  from space 15360K, 80% used [0x00000000f3600000,0x00000000f420c8e8,0x00000000f4500000)
  to   space 16896K, 0% used [0x00000000f2580000,0x00000000f2580000,0x00000000f3600000)
 ParOldGen       total 42496K, used 22769K [0x00000000c0000000, 0x00000000c2980000, 0x00000000eab00000)
  object space 42496K, 53% used [0x00000000c0000000,0x00000000c163c538,0x00000000c2980000)
 Metaspace       used 6547K, capacity 7256K, committed 7424K, reserved 1056768K
  class space    used 625K, capacity 656K, committed 768K, reserved 1048576K
Event: 8.474 GC heap after
Heap after GC invocations=7 (full 0):
 PSYoungGen      total 142336K, used 16869K [0x00000000eab00000, 0x00000000fd600000, 0x0000000100000000)
  eden space 125440K, 0% used [0x00000000eab00000,0x00000000eab00000,0x00000000f2580000)
  from space 16896K, 99% used [0x00000000f2580000,0x00000000f35f96c8,0x00000000f3600000)
  to   space 27648K, 0% used [0x00000000fbb00000,0x00000000fbb00000,0x00000000fd600000)
 ParOldGen       total 42496K, used 37519K [0x00000000c0000000, 0x00000000c2980000, 0x00000000eab00000)
  object space 42496K, 88% used [0x00000000c0000000,0x00000000c24a3c98,0x00000000c2980000)
 Metaspace       used 6547K, capacity 7256K, committed 7424K, reserved 1056768K
  class space    used 625K, capacity 656K, committed 768K, reserved 1048576K
}
Event: 8.474 GC heap before
{Heap before GC invocations=8 (full 1):
 PSYoungGen      total 142336K, used 16869K [0x00000000eab00000, 0x00000000fd600000, 0x0000000100000000)
  eden space 125440K, 0% used [0x00000000eab00000,0x00000000eab00000,0x00000000f2580000)
  from space 16896K, 99% used [0x00000000f2580000,0x00000000f35f96c8,0x00000000f3600000)
  to   space 27648K, 0% used [0x00000000fbb00000,0x00000000fbb00000,0x00000000fd600000)
 ParOldGen       total 42496K, used 37519K [0x00000000c0000000, 0x00000000c2980000, 0x00000000eab00000)
  object space 42496K, 88% used [0x00000000c0000000,0x00000000c24a3c98,0x00000000c2980000)
 Metaspace       used 6547K, capacity 7256K, committed 7424K, reserved 1056768K
  class space    used 625K, capacity 656K, committed 768K, reserved 1048576K
Event: 10.247 GC heap after
Heap after GC invocations=8 (full 1):
 PSYoungGen      total 142336K, used 8147K [0x00000000eab00000, 0x00000000fd600000, 0x0000000100000000)
  eden space 125440K, 0% used [0x00000000eab00000,0x00000000eab00000,0x00000000f2580000)
  from space 16896K, 48% used [0x00000000f2580000,0x00000000f2d74fe8,0x00000000f3600000)
  to   space 27648K, 0% used [0x00000000fbb00000,0x00000000fbb00000,0x00000000fd600000)
 ParOldGen       total 83968K, used 42076K [0x00000000c0000000, 0x00000000c5200000, 0x00000000eab00000)
  object space 83968K, 50% used [0x00000000c0000000,0x00000000c2917100,0x00000000c5200000)
 Metaspace       used 6547K, capacity 7256K, committed 7424K, reserved 1056768K
  class space    used 625K, capacity 656K, committed 768K, reserved 1048576K
}
Event: 12.241 GC heap before
{Heap before GC invocations=9 (full 1):
 PSYoungGen      total 142336K, used 133587K [0x00000000eab00000, 0x00000000fd600000, 0x0000000100000000)
  eden space 125440K, 100% used [0x00000000eab00000,0x00000000f2580000,0x00000000f2580000)
  from space 16896K, 48% used [0x00000000f2580000,0x00000000f2d74fe8,0x00000000f3600000)
  to   space 27648K, 0% used [0x00000000fbb00000,0x00000000fbb00000,0x00000000fd600000)
 ParOldGen       total 83968K, used 42076K [0x00000000c0000000, 0x00000000c5200000, 0x00000000eab00000)
  object space 83968K, 50% used [0x00000000c0000000,0x00000000c2917100,0x00000000c5200000)
 Metaspace       used 6557K, capacity 7256K, committed 7424K, reserved 1056768K
  class space    used 625K, capacity 656K, committed 768K, reserved 1048576K
Event: 12.373 GC heap after
Heap after GC invocations=9 (full 1):
 PSYoungGen      total 199680K, used 27643K [0x00000000eab00000, 0x00000000fd600000, 0x0000000100000000)
  eden space 172032K, 0% used [0x00000000eab00000,0x00000000eab00000,0x00000000f5300000)
  from space 27648K, 99% used [0x00000000fbb00000,0x00000000fd5fef80,0x00000000fd600000)
  to   space 33280K, 0% used [0x00000000f9500000,0x00000000f9500000,0x00000000fb580000)
 ParOldGen       total 83968K, used 42420K [0x00000000c0000000, 0x00000000c5200000, 0x00000000eab00000)
  object space 83968K, 50% used [0x00000000c0000000,0x00000000c296d000,0x00000000c5200000)
 Metaspace       used 6557K, capacity 7256K, committed 7424K, reserved 1056768K
  class space    used 625K, capacity 656K, committed 768K, reserved 1048576K
}

